TN:
SF:src/UniswapV2ERC20.sol
FN:47,UniswapV2ERC20.transfer
FNDA:17692,UniswapV2ERC20.transfer
DA:48,17692
DA:50,17692
FN:59,UniswapV2ERC20.transferFrom
FNDA:768,UniswapV2ERC20.transferFrom
DA:61,768
BRDA:61,0,0,768
BRDA:61,0,1,512
DA:63,768
DA:66,512
DA:68,512
FN:76,UniswapV2ERC20.approve
FNDA:1280,UniswapV2ERC20.approve
DA:77,1280
DA:79,1280
FN:92,UniswapV2ERC20.permit
FNDA:768,UniswapV2ERC20.permit
DA:95,768
BRDA:95,1,0,256
BRDA:95,1,1,512
DA:97,512
DA:105,512
DA:107,512
BRDA:107,2,0,256
BRDA:107,2,1,256
DA:109,256
FN:117,UniswapV2ERC20._mint
FNDA:9232,UniswapV2ERC20._mint
DA:118,9232
DA:119,9232
DA:121,9232
FN:129,UniswapV2ERC20._burn
FNDA:768,UniswapV2ERC20._burn
DA:130,768
DA:131,768
DA:133,768
FN:142,UniswapV2ERC20._approve
FNDA:1536,UniswapV2ERC20._approve
DA:143,1536
DA:145,1536
FN:154,UniswapV2ERC20._transfer
FNDA:18204,UniswapV2ERC20._transfer
DA:155,18204
DA:156,18204
DA:158,18204
FNF:8
FNH:8
LF:24
LH:24
BRF:6
BRH:6
end_of_record
TN:
SF:src/UniswapV2Factory.sol
FN:31,UniswapV2Factory.allPairsLength
FNDA:768,UniswapV2Factory.allPairsLength
DA:32,768
FN:41,UniswapV2Factory.createPair
FNDA:1025,UniswapV2Factory.createPair
DA:43,1025
BRDA:43,0,0,1
BRDA:43,0,1,1024
DA:46,1024
DA:49,1024
BRDA:49,1,0,256
BRDA:49,1,1,768
DA:51,768
BRDA:51,2,0,256
BRDA:51,2,1,512
DA:54,512
DA:56,512
DA:60,512
DA:64,512
DA:67,512
DA:68,512
DA:71,512
DA:74,512
FN:81,UniswapV2Factory.setFeeTo
FNDA:1280,UniswapV2Factory.setFeeTo
DA:82,1280
BRDA:82,3,0,256
BRDA:82,3,1,1024
DA:84,1024
FN:91,UniswapV2Factory.setFeeToSetter
FNDA:512,UniswapV2Factory.setFeeToSetter
DA:92,512
BRDA:92,4,0,256
BRDA:92,4,1,256
DA:94,256
FNF:4
FNH:4
LF:17
LH:17
BRF:10
BRH:10
end_of_record
TN:
SF:src/UniswapV2Pair.sol
FN:71,UniswapV2Pair.flashLoan
FNDA:1280,UniswapV2Pair.flashLoan
DA:75,1280
BRDA:75,0,0,256
BRDA:75,0,1,1024
DA:77,1024
DA:79,1024
BRDA:79,1,0,256
BRDA:79,1,1,768
DA:81,768
DA:83,768
BRDA:83,2,0,256
BRDA:83,2,1,512
DA:87,512
BRDA:87,3,0,256
BRDA:87,3,1,256
DA:93,256
DA:94,256
DA:95,256
DA:98,256
DA:100,256
FN:109,UniswapV2Pair.flashFee
FNDA:1280,UniswapV2Pair.flashFee
DA:110,1280
BRDA:110,4,0,256
BRDA:110,4,1,1024
DA:112,1024
FN:120,UniswapV2Pair.maxFlashLoan
FNDA:768,UniswapV2Pair.maxFlashLoan
DA:121,768
FN:129,UniswapV2Pair.initialize
FNDA:514,UniswapV2Pair.initialize
DA:130,514
BRDA:130,5,0,1
BRDA:130,5,1,513
DA:133,513
DA:134,513
DA:136,513
DA:137,513
FN:145,UniswapV2Pair.mint
FNDA:4872,UniswapV2Pair.mint
DA:147,4872
DA:149,4872
DA:150,4872
DA:152,4872
DA:153,4872
DA:155,4872
DA:156,4872
DA:159,4872
BRDA:159,6,0,4360
BRDA:159,6,1,512
DA:161,4360
DA:163,4360
DA:166,512
DA:170,4872
BRDA:170,7,0,256
BRDA:170,7,1,4616
DA:173,4616
DA:176,4616
DA:179,4616
BRDA:179,8,0,512
BRDA:179,8,1,4616
DA:181,4616
FN:190,UniswapV2Pair.burn
FNDA:1024,UniswapV2Pair.burn
DA:192,1024
DA:194,1024
DA:195,1024
DA:197,1024
DA:198,1024
DA:200,1024
DA:202,1024
DA:204,1024
DA:206,1024
DA:207,1024
DA:210,1024
BRDA:210,9,0,256
BRDA:210,9,1,768
DA:212,768
DA:215,768
DA:216,768
DA:219,768
DA:220,768
DA:223,768
DA:227,768
BRDA:227,10,0,256
BRDA:227,10,1,768
DA:229,768
FN:238,UniswapV2Pair.swap
FNDA:520,UniswapV2Pair.swap
DA:240,520
BRDA:240,11,0,1
BRDA:240,11,1,519
DA:243,519
DA:246,519
BRDA:246,12,0,1
BRDA:246,12,1,518
DA:249,518
DA:250,518
DA:254,518
DA:255,518
DA:258,518
BRDA:258,13,0,2
BRDA:258,13,1,516
DA:261,516
BRDA:261,14,0,512
BRDA:261,14,1,516
DA:262,512
DA:264,516
BRDA:264,15,0,4
BRDA:264,15,1,516
DA:265,4
DA:269,516
DA:270,516
DA:274,516
DA:275,516
DA:278,516
BRDA:278,16,0,1
BRDA:278,16,1,515
DA:283,515
DA:284,515
DA:287,515
BRDA:287,17,0,1
BRDA:287,17,1,514
DA:291,514
DA:294,514
FN:301,UniswapV2Pair.skim
FNDA:256,UniswapV2Pair.skim
DA:303,256
DA:304,256
DA:307,256
DA:308,256
FN:314,UniswapV2Pair.sync
FNDA:771,UniswapV2Pair.sync
DA:315,771
FN:324,UniswapV2Pair.getReserves
FNDA:1541,UniswapV2Pair.getReserves
DA:325,8212
DA:326,8212
DA:327,8212
FN:335,UniswapV2Pair._flashFee
FNDA:2048,UniswapV2Pair._flashFee
DA:336,2048
FN:346,UniswapV2Pair._update
FNDA:6925,UniswapV2Pair._update
DA:347,6925
BRDA:347,18,0,1
BRDA:347,18,1,6924
DA:349,6924
DA:350,6924
DA:354,6924
DA:358,6924
BRDA:358,19,0,3
BRDA:358,19,1,6924
DA:365,3
DA:366,3
DA:370,6924
DA:371,6924
DA:372,6924
DA:374,6924
FN:383,UniswapV2Pair._mintFee
FNDA:5896,UniswapV2Pair._mintFee
DA:384,5896
DA:385,5896
DA:387,5896
DA:389,5896
BRDA:389,20,0,256
BRDA:389,20,1,256
DA:390,768
BRDA:390,21,0,256
BRDA:390,21,1,256
DA:392,256
DA:394,256
DA:396,256
BRDA:396,22,0,256
BRDA:396,22,1,256
DA:398,256
DA:400,256
DA:402,256
DA:405,256
BRDA:405,23,0,256
BRDA:405,23,1,256
DA:406,256
DA:410,5128
BRDA:410,24,0,256
BRDA:410,24,1,5128
DA:411,256
FNF:13
FNH:13
LF:111
LH:111
BRF:50
BRH:50
end_of_record
TN:
SF:src/helpers/FlashBorrower.sol
FN:41,FlashBorrower.onFlashLoan
FNDA:768,FlashBorrower.onFlashLoan
DA:48,768
BRDA:48,0,0,-
BRDA:48,0,1,768
DA:49,768
BRDA:49,1,0,-
BRDA:49,1,1,768
DA:51,768
DA:53,768
FN:61,FlashBorrower.flashBorrow
FNDA:768,FlashBorrower.flashBorrow
DA:62,768
DA:63,768
DA:64,768
DA:66,768
DA:68,768
FN:71,FlashBorrower.setEnableReturn
FNDA:256,FlashBorrower.setEnableReturn
DA:72,256
FNF:3
FNH:3
LF:10
LH:10
BRF:4
BRH:2
end_of_record
TN:
SF:src/libraries/Math.sol
FN:7,Math.min
FNDA:512,Math.min
DA:8,512
FN:12,Math.sqrt
FNDA:4872,Math.sqrt
DA:13,4872
BRDA:13,0,0,360876
BRDA:13,0,1,4872
DA:14,4872
DA:15,4872
DA:17,365748
DA:18,360876
DA:19,360876
DA:21,0
BRDA:21,1,0,-
BRDA:21,1,1,-
DA:22,0
FNF:2
FNH:2
LF:9
LH:7
BRF:4
BRH:2
end_of_record
TN:
SF:src/libraries/UQ112x112.sol
FN:12,UQ112x112.encode
FNDA:0,UQ112x112.encode
DA:13,0
FN:17,UQ112x112.uqdiv
FNDA:0,UQ112x112.uqdiv
DA:18,0
FNF:2
FNH:0
LF:2
LH:0
BRF:0
BRH:0
end_of_record
TN:
SF:src/test/ERC20Mock.sol
FN:13,ERC20Mock.transfer
FNDA:17180,ERC20Mock.transfer
DA:14,17180
BRDA:14,0,0,256
BRDA:14,0,1,16924
DA:15,256
DA:18,16924
FN:21,ERC20Mock.transferFrom
FNDA:1024,ERC20Mock.transferFrom
DA:22,1024
BRDA:22,1,0,256
BRDA:22,1,1,768
DA:23,256
DA:26,768
FN:29,ERC20Mock.setAllowTransfer
FNDA:256,ERC20Mock.setAllowTransfer
DA:30,256
FN:33,ERC20Mock.setAllowTransferFrom
FNDA:256,ERC20Mock.setAllowTransferFrom
DA:34,256
FNF:4
FNH:4
LF:8
LH:8
BRF:4
BRH:4
end_of_record
